<?xml version="1.0" encoding="UTF-8"?>
<testsuite xmlns:xsi="http://www.w3.org/2001/XMLSchema-instance" xsi:noNamespaceSchemaLocation="https://maven.apache.org/surefire/maven-surefire-plugin/xsd/surefire-test-report-3.0.xsd" version="3.0" name="com.smartthingshop.orderservice.controller.OrderControllerIntegrationTest" time="10.138" tests="2" errors="0" skipped="0" failures="0">
  <properties>
[...]
</properties>
  <testcase name="changeStatusShouldReturnUpdatedOrder" classname="com.smartthingshop.orderservice.controller.OrderControllerIntegrationTest" time="0.233">
    <system-out><![CDATA[2026-03-04T22:33:51.530+03:00  INFO 14544 --- [order-service] [           main] t.c.s.AnnotationConfigContextLoaderUtils : Could not detect default configuration classes for test class [com.smartthingshop.orderservice.controller.OrderControllerIntegrationTest]: OrderControllerIntegrationTest does not declare any static, non-private, non-final, nested classes annotated with @Configuration.
2026-03-04T22:33:51.539+03:00  INFO 14544 --- [order-service] [           main] .b.t.c.SpringBootTestContextBootstrapper : Found @SpringBootConfiguration com.smartthingshop.orderservice.OrderServiceApplication for test class com.smartthingshop.orderservice.controller.OrderControllerIntegrationTest

  .   ____          _            __ _ _
 /\\ / ___'_ __ _ _(_)_ __  __ _ \ \ \ \
( ( )\___ | '_ | '_| | '_ \/ _` | \ \ \ \
 \\/  ___)| |_)| | | | | || (_| |  ) ) ) )
  '  |____| .__|_| |_|_| |_\__, | / / / /
 =========|_|==============|___/=/_/_/_/

 :: Spring Boot ::                (v3.5.0)

2026-03-04T22:33:51.866+03:00  INFO 14544 --- [order-service] [           main] c.s.o.c.OrderControllerIntegrationTest   : Starting OrderControllerIntegrationTest using Java 23.0.1 with PID 14544 (started by lehax in C:\Users\lehax\OneDrive\Documents\SmartThingShop\order-service)
2026-03-04T22:33:51.867+03:00  INFO 14544 --- [order-service] [           main] c.s.o.c.OrderControllerIntegrationTest   : No active profile set, falling back to 1 default profile: "default"
2026-03-04T22:33:53.528+03:00  INFO 14544 --- [order-service] [           main] .s.d.r.c.RepositoryConfigurationDelegate : Bootstrapping Spring Data JPA repositories in DEFAULT mode.
2026-03-04T22:33:53.593+03:00  INFO 14544 --- [order-service] [           main] .s.d.r.c.RepositoryConfigurationDelegate : Finished Spring Data repository scanning in 51 ms. Found 1 JPA repository interface.
2026-03-04T22:33:54.236+03:00  INFO 14544 --- [order-service] [           main] o.s.cloud.context.scope.GenericScope     : BeanFactory id=84b5a7da-054e-3cc8-a07a-2b3a28b8d514
2026-03-04T22:33:55.234+03:00  INFO 14544 --- [order-service] [           main] o.hibernate.jpa.internal.util.LogHelper  : HHH000204: Processing PersistenceUnitInfo [name: default]
2026-03-04T22:33:55.326+03:00  INFO 14544 --- [order-service] [           main] org.hibernate.Version                    : HHH000412: Hibernate ORM core version 6.6.15.Final
2026-03-04T22:33:55.361+03:00  INFO 14544 --- [order-service] [           main] o.h.c.internal.RegionFactoryInitiator    : HHH000026: Second-level cache disabled
2026-03-04T22:33:55.674+03:00  INFO 14544 --- [order-service] [           main] o.s.o.j.p.SpringPersistenceUnitInfo      : No LoadTimeWeaver setup: ignoring JPA class transformer
2026-03-04T22:33:55.721+03:00  INFO 14544 --- [order-service] [           main] com.zaxxer.hikari.HikariDataSource       : HikariPool-1 - Starting...
2026-03-04T22:33:55.970+03:00  INFO 14544 --- [order-service] [           main] com.zaxxer.hikari.pool.HikariPool        : HikariPool-1 - Added connection conn0: url=jdbc:h2:mem:orderdb user=POSTGRES
2026-03-04T22:33:55.972+03:00  INFO 14544 --- [order-service] [           main] com.zaxxer.hikari.HikariDataSource       : HikariPool-1 - Start completed.
2026-03-04T22:33:56.031+03:00  INFO 14544 --- [order-service] [           main] org.hibernate.orm.connections.pooling    : HHH10001005: Database info:
	Database JDBC URL [Connecting through datasource 'HikariDataSource (HikariPool-1)']
	Database driver: undefined/unknown
	Database version: 2.3.232
	Autocommit mode: undefined/unknown
	Isolation level: undefined/unknown
	Minimum pool size: undefined/unknown
	Maximum pool size: undefined/unknown
2026-03-04T22:33:56.896+03:00  INFO 14544 --- [order-service] [           main] o.h.e.t.j.p.i.JtaPlatformInitiator       : HHH000489: No JTA platform available (set 'hibernate.transaction.jta.platform' to enable JTA platform integration)
2026-03-04T22:33:56.933+03:00  INFO 14544 --- [order-service] [           main] j.LocalContainerEntityManagerFactoryBean : Initialized JPA EntityManagerFactory for persistence unit 'default'
2026-03-04T22:34:00.754+03:00  INFO 14544 --- [order-service] [           main] o.s.b.t.m.w.SpringBootMockServletContext : Initializing Spring TestDispatcherServlet ''
2026-03-04T22:34:00.754+03:00  INFO 14544 --- [order-service] [           main] o.s.t.web.servlet.TestDispatcherServlet  : Initializing Servlet ''
2026-03-04T22:34:00.766+03:00  INFO 14544 --- [order-service] [           main] o.s.b.a.e.web.EndpointLinksResolver      : Exposing 2 endpoints beneath base path '/actuator'
2026-03-04T22:34:00.787+03:00  INFO 14544 --- [order-service] [           main] o.s.t.web.servlet.TestDispatcherServlet  : Completed initialization in 32 ms
2026-03-04T22:34:00.878+03:00  INFO 14544 --- [order-service] [           main] DiscoveryClientOptionalArgsConfiguration : Eureka HTTP Client uses RestTemplate.
2026-03-04T22:34:01.041+03:00  WARN 14544 --- [order-service] [           main] iguration$LoadBalancerCaffeineWarnLogger : Spring Cloud LoadBalancer is currently working with the default cache. While this cache implementation is useful for development and tests, it's recommended to use Caffeine cache in production.You can switch to using Caffeine cache, by adding it and org.springframework.cache.caffeine.CaffeineCacheManager to the classpath.
2026-03-04T22:34:01.169+03:00  INFO 14544 --- [order-service] [           main] c.s.o.c.OrderControllerIntegrationTest   : Started OrderControllerIntegrationTest in 9.601 seconds (process running for 16.504)
]]></system-out>
  </testcase>
  <testcase name="listByUserShouldReadFromDb" classname="com.smartthingshop.orderservice.controller.OrderControllerIntegrationTest" time="0.158"/>
</testsuite>